[0427/173956.317:ERROR:process_reader_win.cc(123)] NtOpenThread: {Access Denied} A process has requested access to an object, but has not been granted those access rights. (0xc0000022)
[0427/173956.273:ERROR:process_reader_win.cc(123)] NtOpenThread: {Access Denied} A process has requested access to an object, but has not been granted those access rights. (0xc0000022)
[0427/173956.342:ERROR:exception_snapshot_win.cc(88)] thread ID 4224 not found in process
[0427/173956.342:ERROR:exception_snapshot_win.cc(88)] thread ID 15044 not found in process
[0427/173956.381:ERROR:process_reader_win.cc(123)] NtOpenThread: {Access Denied} A process has requested access to an object, but has not been granted those access rights. (0xc0000022)
[0427/173956.381:ERROR:exception_snapshot_win.cc(88)] thread ID 14680 not found in process
[0427/173956.482:ERROR:process_reader_win.cc(123)] NtOpenThread: {Access Denied} A process has requested access to an object, but has not been granted those access rights. (0xc0000022)
[0427/173956.482:ERROR:exception_snapshot_win.cc(88)] thread ID 2016 not found in process
[0427/173956.517:ERROR:process_reader_win.cc(123)] NtOpenThread: {Access Denied} A process has requested access to an object, but has not been granted those access rights. (0xc0000022)
[0427/173956.517:ERROR:exception_snapshot_win.cc(88)] thread ID 6280 not found in process
[0427/173956.546:WARNING:crash_report_exception_handler.cc(62)] ProcessSnapshotWin::Initialize failed
[0427/173956.560:WARNING:crash_report_exception_handler.cc(62)] ProcessSnapshotWin::Initialize failed
[0427/173956.560:WARNING:crash_report_exception_handler.cc(62)] ProcessSnapshotWin::Initialize failed
[0427/173956.561:WARNING:crash_report_exception_handler.cc(62)] ProcessSnapshotWin::Initialize failed
[0427/173956.561:WARNING:crash_report_exception_handler.cc(62)] ProcessSnapshotWin::Initialize failed
[0427/173956.560:ERROR:scoped_process_suspend.cc(40)] NtResumeProcess: An attempt was made to access an exiting process. (0xc000010a)
[0427/173956.561:ERROR:scoped_process_suspend.cc(40)] NtResumeProcess: An attempt was made to access an exiting process. (0xc000010a)
[0427/173956.821:ERROR:process_info.cc(329)] VirtualQueryEx: Access is denied. (0x5)
[0427/173956.821:ERROR:process_info.cc(550)] ReadMemoryInfo failed
[0427/173956.836:ERROR:process_reader_win.cc(123)] NtOpenThread: {Access Denied} A process has requested access to an object, but has not been granted those access rights. (0xc0000022)
[0427/173956.836:ERROR:exception_snapshot_win.cc(88)] thread ID 3580 not found in process
[0427/173956.836:WARNING:crash_report_exception_handler.cc(62)] ProcessSnapshotWin::Initialize failed
[0427/173956.836:ERROR:scoped_process_suspend.cc(40)] NtResumeProcess: An attempt was made to access an exiting process. (0xc000010a)
